<?xml version="1.0" encoding="UTF-8"?>
<testng-results ignored="0" total="1" passed="1" failed="0" skipped="0">
  <reporter-output>
  </reporter-output>
  <suite started-at="2023-07-26T07:44:14Z" name="Default suite" finished-at="2023-07-26T07:44:18Z" duration-ms="3966">
    <groups>
    </groups>
    <test started-at="2023-07-26T07:44:14Z" name="Default test" finished-at="2023-07-26T07:44:18Z" duration-ms="3966">
      <class name="springboot.GetAllEmployees">
        <test-method signature="test1()[pri:0, instance:springboot.GetAllEmployees@573906eb]" started-at="2023-07-26T07:44:14Z" name="test1" finished-at="2023-07-26T07:44:18Z" duration-ms="3913" status="PASS">
          <reporter-output>
          </reporter-output>
        </test-method> <!-- test1 -->
      </class> <!-- springboot.GetAllEmployees -->
    </test> <!-- Default test -->
  </suite> <!-- Default suite -->
</testng-results>
